Using pre-set license
Built from '2020.3/staging' branch; Version is '2020.3.22f1 (e1a7f79fd887) revision 14788599'; Using compiler version '192528614'; Build Type 'Release'
OS: 'Windows 10 Home; OS build 19042.1466; Version 2009; 64bit' Language: 'en' Physical Memory: 16323 MB
BatchMode: 1, IsHumanControllingUs: 0, StartBugReporterOnCrash: 0, Is64bit: 1, IsPro: 0

COMMAND LINE ARGUMENTS:
D:\Unity\2020.3.22f1\Editor\Unity.exe
-adb2
-batchMode
-noUpm
-name
AssetImportWorker0
-projectPath
E:/6.2b/SoftComputing/PacMan/PacManReborn
-logFile
Logs/AssetImportWorker0.log
-srvPort
64446
Successfully changed project path to: E:/6.2b/SoftComputing/PacMan/PacManReborn
E:/6.2b/SoftComputing/PacMan/PacManReborn
Using Asset Import Pipeline V2.
Refreshing native plugins compatible for Editor in 45.58 ms, found 3 plugins.
Preloading 0 native plugins for Editor in 0.00 ms.
Initialize engine version: 2020.3.22f1 (e1a7f79fd887)
[Subsystems] Discovering subsystems at path D:/Unity/2020.3.22f1/Editor/Data/Resources/UnitySubsystems
[Subsystems] Discovering subsystems at path E:/6.2b/SoftComputing/PacMan/PacManReborn/Assets
GfxDevice: creating device client; threaded=0
Direct3D:
    Version:  Direct3D 11.0 [level 11.1]
    Renderer: NVIDIA GeForce RTX 2060 (ID=0x1f08)
    Vendor:   
    VRAM:     5980 MB
    Driver:   30.0.15.1123
Initialize mono
Mono path[0] = 'D:/Unity/2020.3.22f1/Editor/Data/Managed'
Mono path[1] = 'D:/Unity/2020.3.22f1/Editor/Data/MonoBleedingEdge/lib/mono/unityjit'
Mono config path = 'D:/Unity/2020.3.22f1/Editor/Data/MonoBleedingEdge/etc'
Using monoOptions --debugger-agent=transport=dt_socket,embedding=1,server=y,suspend=n,address=127.0.0.1:56632
Begin MonoManager ReloadAssembly
Registering precompiled unity dll's ...
Register platform support module: D:/Unity/2020.3.22f1/Editor/Data/PlaybackEngines/WindowsStandaloneSupport/UnityEditor.WindowsStandalone.Extensions.dll
Registered in 0.006583 seconds.
Native extension for WindowsStandalone target not found
Refreshing native plugins compatible for Editor in 43.54 ms, found 3 plugins.
Preloading 0 native plugins for Editor in 0.00 ms.
Mono: successfully reloaded assembly
- Completed reload, in  1.522 seconds
Domain Reload Profiling:
	ReloadAssembly (1523ms)
		BeginReloadAssembly (92ms)
			ExecutionOrderSort (0ms)
			DisableScriptedObjects (0ms)
			BackupInstance (0ms)
			ReleaseScriptingObjects (0ms)
			CreateAndSetChildDomain (1ms)
		EndReloadAssembly (458ms)
			LoadAssemblies (85ms)
			RebuildTransferFunctionScriptingTraits (0ms)
			SetupTypeCache (150ms)
			ReleaseScriptCaches (0ms)
			RebuildScriptCaches (30ms)
			SetupLoadedEditorAssemblies (168ms)
				LogAssemblyErrors (0ms)
				InitializePlatformSupportModulesInManaged (5ms)
				SetLoadedEditorAssemblies (0ms)
				RefreshPlugins (45ms)
				BeforeProcessingInitializeOnLoad (16ms)
				ProcessInitializeOnLoadAttributes (75ms)
				ProcessInitializeOnLoadMethodAttributes (27ms)
				AfterProcessingInitializeOnLoad (0ms)
				EditorAssembliesLoaded (0ms)
			ExecutionOrderSort2 (0ms)
			AwakeInstancesAfterBackupRestoration (0ms)
Platform modules already initialized, skipping
Registering precompiled user dll's ...
Registered in 0.005511 seconds.
Begin MonoManager ReloadAssembly
Native extension for WindowsStandalone target not found
Refreshing native plugins compatible for Editor in 42.48 ms, found 3 plugins.
Preloading 0 native plugins for Editor in 0.00 ms.
Mono: successfully reloaded assembly
- Completed reload, in  1.237 seconds
Domain Reload Profiling:
	ReloadAssembly (1240ms)
		BeginReloadAssembly (179ms)
			ExecutionOrderSort (0ms)
			DisableScriptedObjects (4ms)
			BackupInstance (0ms)
			ReleaseScriptingObjects (0ms)
			CreateAndSetChildDomain (19ms)
		EndReloadAssembly (976ms)
			LoadAssemblies (122ms)
			RebuildTransferFunctionScriptingTraits (0ms)
			SetupTypeCache (320ms)
			ReleaseScriptCaches (0ms)
			RebuildScriptCaches (49ms)
			SetupLoadedEditorAssemblies (376ms)
				LogAssemblyErrors (0ms)
				InitializePlatformSupportModulesInManaged (5ms)
				SetLoadedEditorAssemblies (0ms)
				RefreshPlugins (43ms)
				BeforeProcessingInitializeOnLoad (92ms)
				ProcessInitializeOnLoadAttributes (198ms)
				ProcessInitializeOnLoadMethodAttributes (18ms)
				AfterProcessingInitializeOnLoad (20ms)
				EditorAssembliesLoaded (0ms)
			ExecutionOrderSort2 (0ms)
			AwakeInstancesAfterBackupRestoration (7ms)
Platform modules already initialized, skipping
========================================================================
Worker process is ready to serve import requests
Launched and connected shader compiler UnityShaderCompiler.exe after 0.06 seconds
Refreshing native plugins compatible for Editor in 0.48 ms, found 3 plugins.
Preloading 0 native plugins for Editor in 0.00 ms.
Unloading 2318 Unused Serialized files (Serialized files now loaded: 0)
System memory in use before: 101.0 MB.
System memory in use after: 101.2 MB.

Unloading 29 unused Assets to reduce memory usage. Loaded Objects now: 2751.
Total: 3.492300 ms (FindLiveObjects: 0.209200 ms CreateObjectMapping: 0.094300 ms MarkObjects: 3.117900 ms  DeleteObjects: 0.069700 ms)

AssetImportParameters requested are different than current active one (requested -> active):
  custom:framework-win-MediaFoundation: 216162199b28c13a410421893ffa2e32 -> 
  custom:video-decoder-ogg-theora: a1e56fd34408186e4bbccfd4996cb3dc -> 
  custom:container-muxer-webm: aa71ff27fc2769a1b78a27578f13a17b -> 
  custom:container-demuxer-webm: 4f35f7cbe854078d1ac9338744f61a02 -> 
  custom:container-demuxer-ogg: 62fdf1f143b41e24485cea50d1cbac27 -> 
  custom:video-encoder-webm-vp8: eb34c28f22e8b96e1ab97ce403110664 -> 
  custom:video-decoder-webm-vp8: 9c59270c3fd7afecdb556c50c9e8de78 -> 
  custom:audio-decoder-ogg-vorbis: bf7c407c2cedff20999df2af8eb42d56 -> 
  custom:audio-encoder-webm-vorbis: bf7c407c2cedff20999df2af8eb42d56 -> 
========================================================================
Received Import Request.
  path: Assets
  artifactKey: Guid(00000000000000001000000000000000) Importer(815301076,1909f56bfc062723c751e8b465ee728b)
Start importing Assets using Guid(00000000000000001000000000000000) Importer(815301076,1909f56bfc062723c751e8b465ee728b)  -> (artifact id: '42d402b061de3733987d63b9cc3b64de') in 0.008781 seconds 
  Import took 0.017195 seconds .

========================================================================
Received Import Request.
  Time since last request: 0.638613 seconds.
  path: Assets/Scripts
  artifactKey: Guid(f94fc732adb13dd4d987ba9d4acc60d4) Importer(815301076,1909f56bfc062723c751e8b465ee728b)
Start importing Assets/Scripts using Guid(f94fc732adb13dd4d987ba9d4acc60d4) Importer(815301076,1909f56bfc062723c751e8b465ee728b)  -> (artifact id: '051a636766687df6f7fcbe9fc14bf451') in 0.006082 seconds 
  Import took 0.015990 seconds .

========================================================================
Received Import Request.
  Time since last request: 7.783752 seconds.
  path: Assets/Prefabs
  artifactKey: Guid(4ab395660a64e824c853c29fce3b8ce9) Importer(815301076,1909f56bfc062723c751e8b465ee728b)
Start importing Assets/Prefabs using Guid(4ab395660a64e824c853c29fce3b8ce9) Importer(815301076,1909f56bfc062723c751e8b465ee728b)  -> (artifact id: '9decb93644610a2f5be8bcb2b51e7b9a') in 0.006503 seconds 
  Import took 0.017255 seconds .

========================================================================
Received Import Request.
  Time since last request: 10.235129 seconds.
  path: Assets/Scenes/SampleScene.unity
  artifactKey: Guid(2cda990e2423bbf4892e6590ba056729) Importer(815301076,1909f56bfc062723c751e8b465ee728b)
Start importing Assets/Scenes/SampleScene.unity using Guid(2cda990e2423bbf4892e6590ba056729) Importer(815301076,1909f56bfc062723c751e8b465ee728b)  -> (artifact id: 'aa27944bdea339c97c39027c7eea529c') in 0.015910 seconds 
  Import took 0.024628 seconds .

========================================================================
Received Import Request.
  Time since last request: 7.849003 seconds.
  path: Assets/Scenes/Welcome.unity
  artifactKey: Guid(2cda990e2423bbf4892e6590ba056729) Importer(815301076,1909f56bfc062723c751e8b465ee728b)
Start importing Assets/Scenes/Welcome.unity using Guid(2cda990e2423bbf4892e6590ba056729) Importer(815301076,1909f56bfc062723c751e8b465ee728b)  -> (artifact id: '3e256160aeaad26f59f4dad480fcdb67') in 0.008101 seconds 
  Import took 0.016720 seconds .

========================================================================
Received Import Request.
  Time since last request: 1.322526 seconds.
  path: Assets/Scenes
  artifactKey: Guid(df66bdb3db019b442aa8f15159530590) Importer(815301076,1909f56bfc062723c751e8b465ee728b)
Start importing Assets/Scenes using Guid(df66bdb3db019b442aa8f15159530590) Importer(815301076,1909f56bfc062723c751e8b465ee728b)  -> (artifact id: 'e263dab1684fb29a4d9cf1ba320a6b03') in 0.005906 seconds 
  Import took 0.015815 seconds .

========================================================================
Received Import Request.
  Time since last request: 6.253790 seconds.
  path: Assets/Scenes/Main.unity
  artifactKey: Guid(cbc923d1d3a2bc842939180a84675fde) Importer(815301076,1909f56bfc062723c751e8b465ee728b)
Start importing Assets/Scenes/Main.unity using Guid(cbc923d1d3a2bc842939180a84675fde) Importer(815301076,1909f56bfc062723c751e8b465ee728b)  -> (artifact id: '7568cdcec21fdf2aeb50c2fc86ec565a') in 0.008217 seconds 
  Import took 0.039399 seconds .

========================================================================
Received Import Request.
  Time since last request: 13.456909 seconds.
  path: Assets/Scenes/Highscores.unity
  artifactKey: Guid(4bce744100607aa44954cd57ed24fef3) Importer(815301076,1909f56bfc062723c751e8b465ee728b)
Start importing Assets/Scenes/Highscores.unity using Guid(4bce744100607aa44954cd57ed24fef3) Importer(815301076,1909f56bfc062723c751e8b465ee728b)  -> (artifact id: 'd557ac648d4b1c2b52ad7f4f8541eea6') in 0.007254 seconds 
  Import took 0.016879 seconds .

========================================================================
Received Import Request.
  Time since last request: 10.771590 seconds.
  path: Assets/Scenes/Tutorial.unity
  artifactKey: Guid(3dd12ff890646f74bb0dcb6a29d63e56) Importer(815301076,1909f56bfc062723c751e8b465ee728b)
Start importing Assets/Scenes/Tutorial.unity using Guid(3dd12ff890646f74bb0dcb6a29d63e56) Importer(815301076,1909f56bfc062723c751e8b465ee728b)  -> (artifact id: '0f4828c8f3baf7d13c24ae039eff192f') in 0.009010 seconds 
  Import took 0.019178 seconds .

========================================================================
Received Import Request.
  Time since last request: 42.618470 seconds.
  path: Assets/Scenes/Welcome.unity
  artifactKey: Guid(2cda990e2423bbf4892e6590ba056729) Importer(815301076,1909f56bfc062723c751e8b465ee728b)
Start importing Assets/Scenes/Welcome.unity using Guid(2cda990e2423bbf4892e6590ba056729) Importer(815301076,1909f56bfc062723c751e8b465ee728b)  -> (artifact id: 'e43c82eeb29670a5604e9b40e52719c0') in 0.007025 seconds 
  Import took 0.056088 seconds .

========================================================================
Received Import Request.
  Time since last request: 13.817449 seconds.
  path: Assets/Scenes/Tutorial.unity
  artifactKey: Guid(3dd12ff890646f74bb0dcb6a29d63e56) Importer(815301076,1909f56bfc062723c751e8b465ee728b)
Start importing Assets/Scenes/Tutorial.unity using Guid(3dd12ff890646f74bb0dcb6a29d63e56) Importer(815301076,1909f56bfc062723c751e8b465ee728b)  -> (artifact id: 'b46b59342d0b7aa35737cc3a0b34a4a6') in 0.006711 seconds 
  Import took 0.016422 seconds .

========================================================================
Received Import Request.
  Time since last request: 163.808186 seconds.
  path: Assets/Scenes/Highscores.unity
  artifactKey: Guid(4bce744100607aa44954cd57ed24fef3) Importer(815301076,1909f56bfc062723c751e8b465ee728b)
Start importing Assets/Scenes/Highscores.unity using Guid(4bce744100607aa44954cd57ed24fef3) Importer(815301076,1909f56bfc062723c751e8b465ee728b)  -> (artifact id: '0bbae2ee768dbd7eca7a97d30edad161') in 0.005994 seconds 
  Import took 0.018486 seconds .

========================================================================
Received Import Request.
  Time since last request: 0.479114 seconds.
  path: Assets/Scenes/Main.unity
  artifactKey: Guid(cbc923d1d3a2bc842939180a84675fde) Importer(815301076,1909f56bfc062723c751e8b465ee728b)
Start importing Assets/Scenes/Main.unity using Guid(cbc923d1d3a2bc842939180a84675fde) Importer(815301076,1909f56bfc062723c751e8b465ee728b)  -> (artifact id: '5b20ca034b07be41d5274986d4c51628') in 0.008960 seconds 
  Import took 0.017704 seconds .

========================================================================
Received Import Request.
  Time since last request: 129.608444 seconds.
  path: ProjectSettings/TagManager.asset
  artifactKey: Guid(00000000000000003000000000000000) Importer(815301076,1909f56bfc062723c751e8b465ee728b)
Start importing ProjectSettings/TagManager.asset using Guid(00000000000000003000000000000000) Importer(815301076,1909f56bfc062723c751e8b465ee728b)  -> (artifact id: '95df672b4aaba54310d34c83eef51bb8') in 0.043352 seconds 
  Import took 0.052309 seconds .

